{"level":"info","message":"Server running on port 3000","timestamp":"2025-06-19T16:51:54.131Z"}
{"level":"info","message":"GET /api/pdf/status","timestamp":"2025-06-19T17:16:26.373Z"}
{"level":"info","message":"POST /api/pdf/merge","timestamp":"2025-06-19T17:22:46.473Z"}
{"level":"error","message":"File too large - POST /api/pdf/merge","timestamp":"2025-06-19T17:22:47.577Z"}
{"level":"info","message":"Server running on port 3000","timestamp":"2025-06-19T17:25:28.748Z"}
{"level":"info","message":"POST /api/pdf/merge","timestamp":"2025-06-19T17:25:46.122Z"}
{"level":"error","message":"File too large - POST /api/pdf/merge","timestamp":"2025-06-19T17:25:46.536Z"}
{"level":"info","message":"POST /api/pdf/merge","timestamp":"2025-06-19T17:27:22.847Z"}
{"level":"info","message":"POST /api/pdf/split","timestamp":"2025-06-19T17:29:12.373Z"}
{"level":"info","message":"POST /api/pdf/split","timestamp":"2025-06-19T17:29:42.633Z"}
{"level":"info","message":"POST /api/pdf/split","timestamp":"2025-06-19T17:30:25.852Z"}
{"level":"info","message":"POST /api/pdf/split","timestamp":"2025-06-20T02:52:19.993Z"}
{"level":"info","message":"POST /api/pdf/split","timestamp":"2025-06-20T02:53:56.150Z"}
{"level":"info","message":"POST /api/pdf/split","timestamp":"2025-06-20T02:54:25.685Z"}
{"level":"info","message":"POST /api/pdf/split","timestamp":"2025-06-20T02:54:29.552Z"}
{"level":"info","message":"POST /api/pdf/split","timestamp":"2025-06-20T03:15:57.598Z"}
{"level":"info","message":"Server running on port 3000","timestamp":"2025-06-20T03:21:48.552Z"}
{"level":"info","message":"POST /api/pdf/split","timestamp":"2025-06-20T03:21:53.181Z"}
{"level":"info","message":"POST /api/pdf/split","timestamp":"2025-06-20T05:15:24.500Z"}
{"level":"info","message":"POST /api/pdf/split","timestamp":"2025-06-20T05:16:27.514Z"}
{"level":"info","message":"POST /api/pdf/split","timestamp":"2025-06-20T05:17:26.543Z"}
{"level":"info","message":"POST /api/pdf/split","timestamp":"2025-06-20T05:17:29.758Z"}
{"level":"info","message":"POST /api/pdf/split","timestamp":"2025-06-20T05:17:31.229Z"}
{"level":"info","message":"Server running on port 3000","timestamp":"2025-06-20T05:17:47.361Z"}
{"level":"info","message":"POST /api/pdf/split","timestamp":"2025-06-20T05:17:52.106Z"}
{"level":"info","message":"POST /api/pdf/split","timestamp":"2025-06-20T05:18:04.258Z"}
{"level":"info","message":"POST /api/pdf/split","timestamp":"2025-06-20T05:18:08.076Z"}
{"level":"info","message":"POST /api/pdf/split","timestamp":"2025-06-20T05:18:44.421Z"}
{"level":"info","message":"Server running on port 3000","timestamp":"2025-06-20T05:34:47.924Z"}
{"level":"info","message":"POST /api/pdf/split","timestamp":"2025-06-20T05:46:26.575Z"}
{"level":"info","message":"POST /api/pdf/split","timestamp":"2025-06-20T05:47:43.713Z"}
{"level":"info","message":"POST /api/pdf/split","timestamp":"2025-06-20T05:49:21.346Z"}
{"level":"error","message":"Split PDF error: newPdf.encrypt is not a function","timestamp":"2025-06-20T05:49:21.393Z"}
{"level":"info","message":"Server running on port 3000","timestamp":"2025-06-20T05:49:40.005Z"}
{"level":"info","message":"POST /api/pdf/split","timestamp":"2025-06-20T05:50:06.804Z"}
{"level":"error","message":"Split PDF error: newPdf.encrypt is not a function","timestamp":"2025-06-20T05:50:06.888Z"}
{"level":"info","message":"POST /api/pdf/split","timestamp":"2025-06-20T05:51:53.817Z"}
{"level":"error","message":"Split PDF error: newPdf.encrypt is not a function","timestamp":"2025-06-20T05:51:53.859Z"}
{"level":"info","message":"Server running on port 3000","timestamp":"2025-06-20T05:52:58.904Z"}
{"level":"info","message":"POST /api/pdf/split","timestamp":"2025-06-20T05:53:09.456Z"}
{"level":"info","message":"POST /api/pdf/split","timestamp":"2025-06-20T05:54:23.942Z"}
{"level":"info","message":"POST /api/pdf/split","timestamp":"2025-06-20T05:54:34.673Z"}
{"level":"info","message":"POST /api/pdf/split","timestamp":"2025-06-20T05:59:59.970Z"}
{"level":"info","message":"Server running on port 3000","timestamp":"2025-06-20T06:03:34.449Z"}
{"level":"info","message":"POST /api/pdf/split","timestamp":"2025-06-20T06:03:38.652Z"}
{"level":"error","message":"Split PDF error: newPdf.encrypt is not a function","timestamp":"2025-06-20T06:03:38.700Z"}
{"level":"info","message":"POST /api/pdf/split","timestamp":"2025-06-20T06:03:43.967Z"}
{"level":"error","message":"Split PDF error: newPdf.encrypt is not a function","timestamp":"2025-06-20T06:03:43.990Z"}
{"level":"info","message":"Server running on port 3000","timestamp":"2025-06-20T06:05:12.895Z"}
{"level":"info","message":"POST /api/pdf/split","timestamp":"2025-06-20T06:05:18.046Z"}
{"level":"info","message":"Server running on port 3000","timestamp":"2025-06-20T10:26:40.211Z"}
{"level":"info","message":"POST /api/pdf/split","timestamp":"2025-06-20T10:27:27.631Z"}
{"level":"info","message":"Server running on port 3000","timestamp":"2025-06-20T13:49:02.555Z"}
{"level":"info","message":"POST /api/pdf/split","timestamp":"2025-06-20T13:50:08.917Z"}
{"level":"info","message":"POST /api/pdf/split","timestamp":"2025-06-20T13:50:38.682Z"}
{"level":"info","message":"Server running on port 3000","timestamp":"2025-06-20T13:52:40.210Z"}
{"level":"info","message":"POST /api/pdf/split","timestamp":"2025-06-20T13:52:46.635Z"}
{"level":"info","message":"POST /api/pdf/split","timestamp":"2025-06-20T13:52:46.644Z"}
{"level":"info","message":"Server running on port 3000","timestamp":"2025-06-20T13:55:34.253Z"}
{"level":"info","message":"POST /api/pdf/split","timestamp":"2025-06-20T13:55:50.453Z"}
{"level":"info","message":"POST /api/pdf/split","timestamp":"2025-06-20T13:56:39.090Z"}
{"level":"info","message":"POST /api/pdf/split","timestamp":"2025-06-20T13:56:41.201Z"}
{"level":"info","message":"POST /api/pdf/split","timestamp":"2025-06-20T13:56:43.151Z"}
{"level":"info","message":"Server running on port 3000","timestamp":"2025-06-20T14:05:12.616Z"}
{"level":"info","message":"POST /api/pdf/split","timestamp":"2025-06-20T14:05:28.223Z"}
{"level":"error","message":"Error downloading file E:\\pdf-api\\uploads\\split-1750428328293-3-4.pdf: Can't set headers after they are sent.","timestamp":"2025-06-20T14:05:29.321Z"}
{"level":"info","message":"POST /api/pdf/split","timestamp":"2025-06-20T14:08:04.976Z"}
{"level":"info","message":"POST /api/pdf/split","timestamp":"2025-06-20T14:08:20.109Z"}
{"level":"info","message":"POST /api/pdf/split","timestamp":"2025-06-20T14:08:38.050Z"}
{"level":"info","message":"POST /api/pdf/split","timestamp":"2025-06-20T14:08:43.431Z"}
{"level":"info","message":"POST /api/pdf/split","timestamp":"2025-06-20T14:08:45.157Z"}
{"level":"info","message":"Server running on port 3000","timestamp":"2025-06-21T04:30:47.290Z"}
{"level":"info","message":"Server running on port 3000","timestamp":"2025-06-21T08:20:48.484Z"}
{"level":"info","message":"POST /api/pdf/split","timestamp":"2025-06-21T08:21:08.590Z"}
{"level":"info","message":"POST /api/pdf/split","timestamp":"2025-06-21T08:21:21.807Z"}
{"level":"info","message":"POST /api/pdf/split","timestamp":"2025-06-21T08:21:33.563Z"}
{"level":"info","message":"POST /api/pdf/split","timestamp":"2025-06-21T08:22:19.336Z"}
{"level":"error","message":"Error parsing ranges: Expected ',' or '}' after property value in JSON at position 11 (line 1 column 12)","timestamp":"2025-06-21T08:22:19.352Z"}
{"level":"info","message":"POST /api/pdf/split","timestamp":"2025-06-21T08:25:33.781Z"}
{"level":"error","message":"Error parsing ranges: Expected ',' or '}' after property value in JSON at position 11 (line 1 column 12)","timestamp":"2025-06-21T08:25:33.787Z"}
{"level":"info","message":"POST /api/pdf/split","timestamp":"2025-06-21T08:26:23.550Z"}
{"level":"error","message":"Error parsing ranges: Expected ',' or '}' after property value in JSON at position 11 (line 1 column 12)","timestamp":"2025-06-21T08:26:23.557Z"}
{"level":"info","message":"POST /api/pdf/split","timestamp":"2025-06-21T08:31:34.033Z"}
{"level":"info","message":"POST /api/pdf/split","timestamp":"2025-06-21T09:37:59.722Z"}
{"level":"info","message":"POST /api/pdf/split","timestamp":"2025-06-21T09:38:11.999Z"}
{"level":"error","message":"Error downloading file E:\\pdf-api\\uploads\\split-1750498692076-3-4.pdf: Can't set headers after they are sent.","timestamp":"2025-06-21T09:38:13.157Z"}
{"level":"info","message":"Server running on port 3000","timestamp":"2025-06-21T10:07:41.373Z"}
{"level":"info","message":"Server running on port 3000","timestamp":"2025-06-21T10:10:17.147Z"}
{"level":"info","message":"POST /api/pdf/split","timestamp":"2025-06-21T10:13:02.494Z"}
{"level":"error","message":"Error parsing ranges: Expected property name or '}' in JSON at position 2 (line 1 column 3)","timestamp":"2025-06-21T10:13:02.508Z"}
{"level":"info","message":"POST /api/pdf/split","timestamp":"2025-06-21T10:13:41.171Z"}
{"level":"error","message":"Error downloading file E:\\pdf-api\\uploads\\split-1750500821301-3-4.pdf: Can't set headers after they are sent.","timestamp":"2025-06-21T10:13:42.359Z"}
{"level":"info","message":"Server running on port 3000","timestamp":"2025-06-22T13:58:36.258Z"}
{"level":"info","message":"POST /api/pdf/split","timestamp":"2025-06-22T13:59:39.826Z"}
{"level":"error","message":"Error downloading file E:\\pdf-api\\uploads\\split-1750600781423-3-4.pdf: Can't set headers after they are sent.","timestamp":"2025-06-22T13:59:43.014Z"}
{"level":"info","message":"POST /api/pdf/split","timestamp":"2025-06-22T14:01:07.028Z"}
{"level":"error","message":"Error downloading file E:\\pdf-api\\uploads\\split-1750600867140-3-4.pdf: Can't set headers after they are sent.","timestamp":"2025-06-22T14:01:08.153Z"}
{"level":"info","message":"POST /api/pdf/split","timestamp":"2025-06-22T14:01:58.211Z"}
{"level":"info","message":"POST /api/pdf/split","timestamp":"2025-06-22T14:02:11.755Z"}
{"level":"info","message":"POST /api/pdf/split","timestamp":"2025-06-22T14:02:25.245Z"}
{"level":"info","message":"POST /api/pdf/split","timestamp":"2025-06-22T14:02:31.898Z"}
{"level":"error","message":"Error downloading file E:\\pdf-api\\uploads\\split-1750600951958-3-4.pdf: Request aborted","timestamp":"2025-06-22T14:02:32.967Z"}
{"level":"info","message":"Server running on port 3000","timestamp":"2025-06-22T14:32:01.888Z"}
{"level":"info","message":"POST /api/pdf/split","timestamp":"2025-06-22T14:32:08.509Z"}
{"level":"error","message":"Error downloading file E:\\pdf-api\\uploads\\split-1750602728723-3-4.pdf: Can't set headers after they are sent.","timestamp":"2025-06-22T14:32:09.757Z"}
{"level":"info","message":"POST /api/pdf/split","timestamp":"2025-06-22T14:32:18.245Z"}
{"level":"info","message":"POST /api/pdf/split","timestamp":"2025-06-22T14:32:39.014Z"}
{"level":"info","message":"Server running on port 3000","timestamp":"2025-06-22T15:44:06.000Z"}
{"level":"info","message":"Request: POST /api/pdf/split","timestamp":"2025-06-22T15:45:45.873Z"}
{"level":"info","message":"Request: GET /api/pdf/status/job","timestamp":"2025-06-22T15:46:21.620Z"}
{"level":"info","message":"Request: GET /api/pdf/status/job","timestamp":"2025-06-22T15:47:12.358Z"}
{"level":"info","message":"Request: GET /api/pdf/status","timestamp":"2025-06-22T15:56:06.655Z"}
{"level":"info","message":"Response: GET /status 200 - 1ms","responseBody":"{\"status\":\"API is running\"}","timestamp":"2025-06-22T15:56:06.656Z"}
{"level":"info","message":"Request: POST /api/pdf/merge","timestamp":"2025-06-22T15:57:26.865Z"}
{"level":"info","message":"Response: POST /merge 200 - 82ms","responseBody":"{\"files\":[{\"name\":\"merged.pdf\",\"url\":\"/download/merged-1750607846946.pdf\"}]}","timestamp":"2025-06-22T15:57:26.947Z"}
{"level":"info","message":"Request: GET /download/merged-1750607846946.pdf","timestamp":"2025-06-22T15:57:38.049Z"}
{"level":"info","message":"Request: GET /download/merged-1750607846946.pdf","timestamp":"2025-06-22T15:57:56.967Z"}
{"level":"info","message":"Server running on port 3000","timestamp":"2025-06-22T16:01:19.367Z"}
{"level":"info","message":"Request: POST /api/pdf/merge","timestamp":"2025-06-22T16:02:36.475Z"}
{"level":"info","message":"Response: POST /merge 400 - 1ms","responseBody":"{\"error\":\"At least two PDF files are required\"}","timestamp":"2025-06-22T16:02:36.477Z"}
{"level":"info","message":"Request: POST /api/pdf/merge","timestamp":"2025-06-22T16:03:46.214Z"}
{"level":"info","message":"Response: POST /merge 400 - 1ms","responseBody":"{\"error\":\"At least two PDF files are required\"}","timestamp":"2025-06-22T16:03:46.215Z"}
{"level":"info","message":"Request: POST /api/pdf/merge","timestamp":"2025-06-22T16:03:54.972Z"}
{"level":"info","message":"Response: POST /merge 400 - 0ms","responseBody":"{\"error\":\"At least two PDF files are required\"}","timestamp":"2025-06-22T16:03:54.973Z"}
{"level":"info","message":"Server running on port 3000","timestamp":"2025-06-22T16:04:37.010Z"}
{"level":"info","message":"Request: POST /api/pdf/merge","timestamp":"2025-06-22T16:04:43.655Z"}
{"level":"info","message":"Response: POST /merge 400 - 1ms","responseBody":"{\"error\":\"At least two PDF files are required\"}","timestamp":"2025-06-22T16:04:43.657Z"}
{"level":"info","message":"Request: POST /api/pdf/merge","timestamp":"2025-06-22T16:06:29.916Z"}
{"level":"info","message":"Response: POST /merge 400 - 0ms","responseBody":"{\"error\":\"At least two PDF files are required\"}","timestamp":"2025-06-22T16:06:29.917Z"}
{"level":"info","message":"Request: POST /api/pdf/merge","timestamp":"2025-06-22T16:06:34.736Z"}
{"level":"info","message":"Response: POST /merge 400 - 1ms","responseBody":"{\"error\":\"At least two PDF files are required\"}","timestamp":"2025-06-22T16:06:34.737Z"}
{"level":"info","message":"Request: POST /api/pdf/merge","timestamp":"2025-06-22T16:07:04.203Z"}
{"level":"info","message":"Response: POST /merge 400 - 1ms","responseBody":"{\"error\":\"At least two PDF files are required\"}","timestamp":"2025-06-22T16:07:04.205Z"}
{"level":"info","message":"Request: POST /api/pdf/merge","timestamp":"2025-06-22T16:07:49.251Z"}
{"level":"info","message":"Response: POST /merge 400 - 1ms","responseBody":"{\"error\":\"At least two PDF files are required\"}","timestamp":"2025-06-22T16:07:49.252Z"}
{"level":"info","message":"Request: POST /api/pdf/split","timestamp":"2025-06-22T16:07:58.019Z"}
{"level":"info","message":"Response: POST /split 400 - 1ms","responseBody":"{\"error\":\"A PDF file is required\"}","timestamp":"2025-06-22T16:07:58.020Z"}
{"level":"info","message":"Request: GET /api/pdf/status","timestamp":"2025-06-22T16:08:15.668Z"}
{"level":"info","message":"Response: GET /status 200 - 0ms","responseBody":"{\"status\":\"API is running\"}","timestamp":"2025-06-22T16:08:15.668Z"}
{"level":"info","message":"Server running on port 3000","timestamp":"2025-06-22T16:08:38.880Z"}
{"level":"info","message":"Request: GET /api/pdf/status","timestamp":"2025-06-22T16:08:43.858Z"}
{"level":"info","message":"Response: GET /status 200 - 2ms","responseBody":"{\"status\":\"API is running\"}","timestamp":"2025-06-22T16:08:43.861Z"}
{"level":"info","message":"Request: POST /api/pdf/merge","timestamp":"2025-06-22T16:08:50.119Z"}
{"level":"info","message":"Response: POST /merge 400 - 0ms","responseBody":"{\"error\":\"At least two PDF files are required\"}","timestamp":"2025-06-22T16:08:50.120Z"}
